HYPROP-VIEW Version: 1.2.2.19178
OS Version: Microsoft Windows NT 6.1.7601 Service Pack 1
System type: 64-Bit
USB DriverVersion: 
LibraryVersion: 3.02.07
DLL: 0.3.2.7
7/13/2016 2:23:55 PM HYPROP Balance '154226006' is not available.Reset was not successful.
7/13/2016 2:47:55 PM USB Adapter 'UMZ7L1HW' for device 'UMZ7L1HW' is not available.Reset was not successful.
7/13/2016 2:47:55 PM USB Adapter 'UMZ7L1HW' for device 'UMZ7L1HW' is not available.Reset was not successful.Cycle USB Adapter was successful.
7/13/2016 2:47:56 PM USB Adapter 'UMZ7L1HW' for device 'UMZ7L1HW' is not available.Reset was not successful.
7/14/2016 6:20:06 PM HYPROP Balance '154226006' is not available.Reset was not successful.
7/14/2016 6:20:06 PM USB Adapter '154226006' for device '154226006' is not available.Reset was not successful.
7/14/2016 6:20:10 PM USB Adapter '154226006' for device '154226006' is not available.Reset was successful.
7/14/2016 6:32:45 PM USB Adapter '154226006' for device '154226006' is not available.Reset was not successful.
7/15/2016 7:47:28 PM USB Adapter 'UMZ7L1HW' for device 'UMZ7L1HW' is not available.Reset was not successful.
7/15/2016 7:47:28 PM USB Adapter 'UMZ7L1HW' for device 'UMZ7L1HW' is not available.Reset was not successful.Cycle USB Adapter was successful.
7/15/2016 7:47:29 PM USB Adapter 'UMZ7L1HW' for device 'UMZ7L1HW' is not available.Reset was not successful.
7/18/2016 7:45:15 PM USB Adapter 'UMZ7L1HW' for device 'UMZ7L1HW' is not available.Reset was not successful.
7/18/2016 7:45:16 PM USB Adapter 'UMZ7L1HW' for device 'UMZ7L1HW' is not available.Reset was not successful.Cycle USB Adapter was successful.
7/18/2016 7:45:16 PM USB Adapter 'UMZ7L1HW' for device 'UMZ7L1HW' is not available.Reset was not successful.
7/19/2016 9:18:12 PM HYPROP Balance [154226006] no readings
7/19/2016 10:44:54 PM USB Adapter '154226006' for device '154226006' is not available.Reset was not successful.
7/19/2016 10:44:54 PM USB Adapter '154226006' for device '154226006' is not available.Reset was not successful.Cycle USB Adapter was successful.
7/19/2016 10:44:55 PM USB Adapter '154226006' for device '154226006' is not available.Reset was not successful.
7/20/2016 8:06:20 AM HYPROP Balance [154226006] no readings
8/1/2016 5:01:29 PM USB Adapter '154226006' for device '154226006' is not available.Reset was not successful.
8/2/2016 2:00:26 PM USB Adapter 'UMZ7L1HW' for device 'UMZ7L1HW' is not available.Reset was not successful.
8/2/2016 2:00:26 PM USB Adapter 'UMZ7L1HW' for device 'UMZ7L1HW' is not available.Reset was not successful.Cycle USB Adapter was successful.
8/2/2016 2:00:27 PM USB Adapter 'UMZ7L1HW' for device 'UMZ7L1HW' is not available.Reset was not successful.
8/19/2016 4:11:49 PM HYPROP Balance '154226006' is not available.Reset was not successful.
8/19/2016 4:11:51 PM HYPROP Balance '154226006' is not available.Reset was successful.
8/21/2016 1:09:27 PM HYPROP Balance '154226006' is not available.Reset was not successful.
8/31/2016 5:18:58 PM USB Adapter 'UMZ7L1HW' for device 'UMZ7L1HW' is not available.Reset was successful.
11/2/2016 11:50:16 AM USB Adapter '154226006' for device '154226006' is not available.Reset was not successful.
11/2/2016 11:50:16 AM USB Adapter '154226006' for device '154226006' is not available.Reset was not successful.Cycle USB Adapter was successful.
11/2/2016 11:50:16 AM USB Adapter '154226006' for device '154226006' is not available.Reset was not successful.
12/9/2016 1:08:09 PM USB Adapter 'UMZ7L1HW' for device 'UMZ7L1HW' is not available.Reset was not successful.
12/9/2016 1:08:10 PM USB Adapter 'UMZ7L1HW' for device 'UMZ7L1HW' is not available.Reset was not successful.Cycle USB Adapter was successful.
12/9/2016 1:08:11 PM USB Adapter 'UMZ7L1HW' for device 'UMZ7L1HW' is not available.Reset was not successful.
